<?xml version="1.0" encoding="UTF-8"?>
<testsuite name="Example9SpyingWithoutStubbingTest" tests="1" skipped="0" failures="1" errors="0" timestamp="2021-10-06T18:25:30" hostname="DESKTOP-473A5QG" time="1.769">
  <properties/>
  <testcase name="testAddTwoToIntInAWastefulWayAgain()" classname="Example9SpyingWithoutStubbingTest" time="1.769">
    <failure message="java.lang.AssertionError: Verification failed: call 1 of 1: MathService(#1).addCrazy(eq(5), matcher&lt;ClassyClassWithAGazillionFields&gt;())). Only one matching call to MathService(#1)/addCrazy(Int, ClassyClassWithAGazillionFields) happened, but arguments are not matching:&#10;[0]: argument: 5, matcher: eq(5), result: +&#10;[1]: argument: ClassyClassWithAGazillionFields(classyField=2, field1=asdf, field2=asdf, field3=asdf, field4=asdf, field5=asdf, field11=asdf, field12=asdf, field13=asdf, field14=asdf, field15=asdf, field21=asdf, field22=asdf, field23=asdf, field24=asdf, field25=asdf, field31=asdf, field32=asdf, field33=asdf, field34=asdf, field35=asdf, field41=asdf, field42=asdf, field43=asdf, field44=asdf, field45=asdf), matcher: matcher&lt;ClassyClassWithAGazillionFields&gt;(), result: -&#10;&#10;Stack trace:&#10;                                                                                   io.mockk.impl.InternalPlatform.captureStackTrace                  (InternalPlatform.kt:124)                          &#10;                                                                                     io.mockk.impl.stub.MockKStub.handleInvocation                   (MockKStub.kt:250)                                 &#10;                                                   io.mockk.impl.instantiation.JvmMockFactoryHelper$mockHandler$1.invocation                         (JvmMockFactoryHelper.kt:23)                       &#10;                                                                            io.mockk.proxy.jvm.advice.Interceptor.call                               (Interceptor.kt:21)                                &#10;                                                                                                      MathService.addCrazy                           (Example9SpyingWithoutStubbing.kt:17)              &#10;                                                                                    Example9SpyingWithoutStubbing.addTwoToIntInAWastefulWay          (Example9SpyingWithoutStubbing.kt:10)              &#10;                                                                                Example9SpyingWithoutStubbingTest.testAddTwoToIntInAWastefulWayAgain (Example9SpyingWithoutStubbingTest.kt:32)          &#10;                                                                    jdk.internal.reflect.NativeMethodAccessorImpl.invoke0                            (NativeMethodAccessorImpl.java:-2)N                &#10;                                                                    jdk.internal.reflect.NativeMethodAccessorImpl.invoke                             (NativeMethodAccessorImpl.java:62)                 &#10;                                                                jdk.internal.reflect.DelegatingMethodAccessorImpl.invoke                             (DelegatingMethodAccessorImpl.java:43)             &#10;                                                                                         java.lang.reflect.Method.invoke                             (Method.java:566)                                  &#10;                                                                  org.junit.platform.commons.util.ReflectionUtils.invokeMethod                       (ReflectionUtils.java:686)                         &#10;                                                              org.junit.jupiter.engine.execution.MethodInvocation.proceed                            (MethodInvocation.java:60)                         &#10;                               org.junit.jupiter.engine.execution.InvocationInterceptorChain$ValidatingInvocation.proceed                            (InvocationInterceptorChain.java:131)              &#10;                                                              org.junit.jupiter.engine.extension.TimeoutExtension.intercept                          (TimeoutExtension.java:149)                        &#10;                                                              org.junit.jupiter.engine.extension.TimeoutExtension.interceptTestableMethod            (TimeoutExtension.java:140)                        &#10;                                                              org.junit.jupiter.engine.extension.TimeoutExtension.interceptTestMethod                (TimeoutExtension.java:84)                         &#10;                                   org.junit.jupiter.engine.execution.ExecutableInvoker$ReflectiveInterceptorCall.lambda$ofVoidMethod$0              (ExecutableInvoker.java:115)                       &#10;                                                             org.junit.jupiter.engine.execution.ExecutableInvoker.lambda$invoke$0                    (ExecutableInvoker.java:105)                       &#10;                              org.junit.jupiter.engine.execution.InvocationInterceptorChain$InterceptedInvocation.proceed                            (InvocationInterceptorChain.java:106)              &#10;                                                    org.junit.jupiter.engine.execution.InvocationInterceptorChain.proceed                            (InvocationInterceptorChain.java:64)               &#10;                                                    org.junit.jupiter.engine.execution.InvocationInterceptorChain.chainAndInvoke                     (InvocationInterceptorChain.java:45)               &#10;                                                    org.junit.jupiter.engine.execution.InvocationInterceptorChain.invoke                             (InvocationInterceptorChain.java:37)               &#10;                                                             org.junit.jupiter.engine.execution.ExecutableInvoker.invoke                             (ExecutableInvoker.java:104)                       &#10;                                                             org.junit.jupiter.engine.execution.ExecutableInvoker.invoke                             (ExecutableInvoker.java:98)                        &#10;                                                     org.junit.jupiter.engine.descriptor.TestMethodTestDescriptor.lambda$invokeTestMethod$6          (TestMethodTestDescriptor.java:205)                &#10;                                                org.junit.platform.engine.support.hierarchical.ThrowableCollector.execute                            (ThrowableCollector.java:73)                       &#10;                                                     org.junit.jupiter.engine.descriptor.TestMethodTestDescriptor.invokeTestMethod                   (TestMethodTestDescriptor.java:201)                &#10;                                                     org.junit.jupiter.engine.descriptor.TestMethodTestDescriptor.execute                            (TestMethodTestDescriptor.java:137)                &#10;                                                     org.junit.jupiter.engine.descriptor.TestMethodTestDescriptor.execute                            (TestMethodTestDescriptor.java:71)                 &#10;                                                      org.junit.platform.engine.support.hierarchical.NodeTestTask.lambda$executeRecursively$5        (NodeTestTask.java:135)                            &#10;                                                org.junit.platform.engine.support.hierarchical.ThrowableCollector.execute                            (ThrowableCollector.java:73)                       &#10;                                                      org.junit.platform.engine.support.hierarchical.NodeTestTask.lambda$executeRecursively$7        (NodeTestTask.java:125)                            &#10;                                                              org.junit.platform.engine.support.hierarchical.Node.around                             (Node.java:135)                                    &#10;                                                      org.junit.platform.engine.support.hierarchical.NodeTestTask.lambda$executeRecursively$8        (NodeTestTask.java:123)                            &#10;                                                org.junit.platform.engine.support.hierarchical.ThrowableCollector.execute                            (ThrowableCollector.java:73)                       &#10;                                                      org.junit.platform.engine.support.hierarchical.NodeTestTask.executeRecursively                 (NodeTestTask.java:122)                            &#10;                                                      org.junit.platform.engine.support.hierarchical.NodeTestTask.execute                            (NodeTestTask.java:80)                             &#10;                                                                                              java.util.ArrayList.forEach                            (ArrayList.java:1540)                              &#10;                         org.junit.platform.engine.support.hierarchical.SameThreadHierarchicalTestExecutorService.invokeAll                          (SameThreadHierarchicalTestExecutorService.java:38)&#10;                                                      org.junit.platform.engine.support.hierarchical.NodeTestTask.lambda$executeRecursively$5        (NodeTestTask.java:139)                            &#10;                                                org.junit.platform.engine.support.hierarchical.ThrowableCollector.execute                            (ThrowableCollector.java:73)                       &#10;                                                      org.junit.platform.engine.support.hierarchical.NodeTestTask.lambda$executeRecursively$7        (NodeTestTask.java:125)                            &#10;                                                              org.junit.platform.engine.support.hierarchical.Node.around                             (Node.java:135)                                    &#10;                                                      org.junit.platform.engine.support.hierarchical.NodeTestTask.lambda$executeRecursively$8        (NodeTestTask.java:123)                            &#10;                                                org.junit.platform.engine.support.hierarchical.ThrowableCollector.execute                            (ThrowableCollector.java:73)                       &#10;                                                      org.junit.platform.engine.support.hierarchical.NodeTestTask.executeRecursively                 (NodeTestTask.java:122)                            &#10;                                                      org.junit.platform.engine.support.hierarchical.NodeTestTask.execute                            (NodeTestTask.java:80)                             &#10;                                                                                              java.util.ArrayList.forEach                            (ArrayList.java:1540)                              &#10;                         org.junit.platform.engine.support.hierarchical.SameThreadHierarchicalTestExecutorService.invokeAll                          (SameThreadHierarchicalTestExecutorService.java:38)&#10;                                                      org.junit.platform.engine.support.hierarchical.NodeTestTask.lambda$executeRecursively$5        (NodeTestTask.java:139)                            &#10;                                                org.junit.platform.engine.support.hierarchical.ThrowableCollector.execute                            (ThrowableCollector.java:73)                       &#10;                                                      org.junit.platform.engine.support.hierarchical.NodeTestTask.lambda$executeRecursively$7        (NodeTestTask.java:125)                            &#10;                                                              org.junit.platform.engine.support.hierarchical.Node.around                             (Node.java:135)                                    &#10;                                                      org.junit.platform.engine.support.hierarchical.NodeTestTask.lambda$executeRecursively$8        (NodeTestTask.java:123)                            &#10;                                                org.junit.platform.engine.support.hierarchical.ThrowableCollector.execute                            (ThrowableCollector.java:73)                       &#10;                                                      org.junit.platform.engine.support.hierarchical.NodeTestTask.executeRecursively                 (NodeTestTask.java:122)                            &#10;                                                      org.junit.platform.engine.support.hierarchical.NodeTestTask.execute                            (NodeTestTask.java:80)                             &#10;                         org.junit.platform.engine.support.hierarchical.SameThreadHierarchicalTestExecutorService.submit                             (SameThreadHierarchicalTestExecutorService.java:32)&#10;                                          org.junit.platform.engine.support.hierarchical.HierarchicalTestExecutor.execute                            (HierarchicalTestExecutor.java:57)                 &#10;                                            org.junit.platform.engine.support.hierarchical.HierarchicalTestEngine.execute                            (HierarchicalTestEngine.java:51)                   &#10;                                                     org.junit.platform.launcher.core.EngineExecutionOrchestrator.execute                            (EngineExecutionOrchestrator.java:108)             &#10;                                                     org.junit.platform.launcher.core.EngineExecutionOrchestrator.execute                            (EngineExecutionOrchestrator.java:88)              &#10;                                                     org.junit.platform.launcher.core.EngineExecutionOrchestrator.lambda$execute$0                   (EngineExecutionOrchestrator.java:54)              &#10;                                                     org.junit.platform.launcher.core.EngineExecutionOrchestrator.withInterceptedStreams             (EngineExecutionOrchestrator.java:67)              &#10;                                                     org.junit.platform.launcher.core.EngineExecutionOrchestrator.execute                            (EngineExecutionOrchestrator.java:52)              &#10;                                                                 org.junit.platform.launcher.core.DefaultLauncher.execute                            (DefaultLauncher.java:96)                          &#10;                                                                 org.junit.platform.launcher.core.DefaultLauncher.execute                            (DefaultLauncher.java:75)                          &#10;org.gradle.api.internal.tasks.testing.junitplatform.JUnitPlatformTestClassProcessor$CollectAllTestClassesExecutor.processAllTestClasses              (JUnitPlatformTestClassProcessor.java:99)          &#10;org.gradle.api.internal.tasks.testing.junitplatform.JUnitPlatformTestClassProcessor$CollectAllTestClassesExecutor.access$000                         (JUnitPlatformTestClassProcessor.java:79)          &#10;                              org.gradle.api.internal.tasks.testing.junitplatform.JUnitPlatformTestClassProcessor.stop                               (JUnitPlatformTestClassProcessor.java:75)          &#10;                                                    org.gradle.api.internal.tasks.testing.SuiteTestClassProcessor.stop                               (SuiteTestClassProcessor.java:61)                  &#10;                                                                    jdk.internal.reflect.NativeMethodAccessorImpl.invoke0                            (NativeMethodAccessorImpl.java:-2)N                &#10;                                                                    jdk.internal.reflect.NativeMethodAccessorImpl.invoke                             (NativeMethodAccessorImpl.java:62)                 &#10;                                                                jdk.internal.reflect.DelegatingMethodAccessorImpl.invoke                             (DelegatingMethodAccessorImpl.java:43)             &#10;                                                                                         java.lang.reflect.Method.invoke                             (Method.java:566)                                  &#10;                                                                  org.gradle.internal.dispatch.ReflectionDispatch.dispatch                           (ReflectionDispatch.java:36)                       &#10;                                                                  org.gradle.internal.dispatch.ReflectionDispatch.dispatch                           (ReflectionDispatch.java:24)                       &#10;                                                          org.gradle.internal.dispatch.ContextClassLoaderDispatch.dispatch                           (ContextClassLoaderDispatch.java:33)               &#10;                                   org.gradle.internal.dispatch.ProxyDispatchAdapter$DispatchingInvocationHandler.invoke                             (ProxyDispatchAdapter.java:94)                     &#10;                                                                                            com.sun.proxy.$Proxy2.stop                               (-:-1)                                             &#10;                                                          org.gradle.api.internal.tasks.testing.worker.TestWorker.stop                               (TestWorker.java:135)                              &#10;                                                                    jdk.internal.reflect.NativeMethodAccessorImpl.invoke0                            (NativeMethodAccessorImpl.java:-2)N                &#10;                                                                    jdk.internal.reflect.NativeMethodAccessorImpl.invoke                             (NativeMethodAccessorImpl.java:62)                 &#10;                                                                jdk.internal.reflect.DelegatingMethodAccessorImpl.invoke                             (DelegatingMethodAccessorImpl.java:43)             &#10;                                                                                         java.lang.reflect.Method.invoke                             (Method.java:566)                                  &#10;                                                                  org.gradle.internal.dispatch.ReflectionDispatch.dispatch                           (ReflectionDispatch.java:36)                       &#10;                                                                  org.gradle.internal.dispatch.ReflectionDispatch.dispatch                           (ReflectionDispatch.java:24)                       &#10;                         org.gradle.internal.remote.internal.hub.MessageHubBackedObjectConnection$DispatchWrapper.dispatch                           (MessageHubBackedObjectConnection.java:182)        &#10;                         org.gradle.internal.remote.internal.hub.MessageHubBackedObjectConnection$DispatchWrapper.dispatch                           (MessageHubBackedObjectConnection.java:164)        &#10;                                                       org.gradle.internal.remote.internal.hub.MessageHub$Handler.run                                (MessageHub.java:414)                              &#10;                                             org.gradle.internal.concurrent.ExecutorPolicy$CatchAndRecordFailures.onExecute                          (ExecutorPolicy.java:64)                           &#10;                                                             org.gradle.internal.concurrent.ManagedExecutorImpl$1.run                                (ManagedExecutorImpl.java:48)                      &#10;                                                                          java.util.concurrent.ThreadPoolExecutor.runWorker                          (ThreadPoolExecutor.java:1128)                     &#10;                                                                   java.util.concurrent.ThreadPoolExecutor$Worker.run                                (ThreadPoolExecutor.java:628)                      &#10;                                           org.gradle.internal.concurrent.ThreadFactoryImpl$ManagedThreadRunnable.run                                (ThreadFactoryImpl.java:56)                        &#10;                                                                                                 java.lang.Thread.run                                (Thread.java:834)                                  " type="java.lang.AssertionError">java.lang.AssertionError: Verification failed: call 1 of 1: MathService(#1).addCrazy(eq(5), matcher&lt;ClassyClassWithAGazillionFields&gt;())). Only one matching call to MathService(#1)/addCrazy(Int, ClassyClassWithAGazillionFields) happened, but arguments are not matching:
[0]: argument: 5, matcher: eq(5), result: +
[1]: argument: ClassyClassWithAGazillionFields(classyField=2, field1=asdf, field2=asdf, field3=asdf, field4=asdf, field5=asdf, field11=asdf, field12=asdf, field13=asdf, field14=asdf, field15=asdf, field21=asdf, field22=asdf, field23=asdf, field24=asdf, field25=asdf, field31=asdf, field32=asdf, field33=asdf, field34=asdf, field35=asdf, field41=asdf, field42=asdf, field43=asdf, field44=asdf, field45=asdf), matcher: matcher&lt;ClassyClassWithAGazillionFields&gt;(), result: -

Stack trace:
                                                                                   io.mockk.impl.InternalPlatform.captureStackTrace                  (InternalPlatform.kt:124)                          
                                                                                     io.mockk.impl.stub.MockKStub.handleInvocation                   (MockKStub.kt:250)                                 
                                                   io.mockk.impl.instantiation.JvmMockFactoryHelper$mockHandler$1.invocation                         (JvmMockFactoryHelper.kt:23)                       
                                                                            io.mockk.proxy.jvm.advice.Interceptor.call                               (Interceptor.kt:21)                                
                                                                                                      MathService.addCrazy                           (Example9SpyingWithoutStubbing.kt:17)              
                                                                                    Example9SpyingWithoutStubbing.addTwoToIntInAWastefulWay          (Example9SpyingWithoutStubbing.kt:10)              
                                                                                Example9SpyingWithoutStubbingTest.testAddTwoToIntInAWastefulWayAgain (Example9SpyingWithoutStubbingTest.kt:32)          
                                                                    jdk.internal.reflect.NativeMethodAccessorImpl.invoke0                            (NativeMethodAccessorImpl.java:-2)N                
                                                                    jdk.internal.reflect.NativeMethodAccessorImpl.invoke                             (NativeMethodAccessorImpl.java:62)                 
                                                                jdk.internal.reflect.DelegatingMethodAccessorImpl.invoke                             (DelegatingMethodAccessorImpl.java:43)             
                                                                                         java.lang.reflect.Method.invoke                             (Method.java:566)                                  
                                                                  org.junit.platform.commons.util.ReflectionUtils.invokeMethod                       (ReflectionUtils.java:686)                         
                                                              org.junit.jupiter.engine.execution.MethodInvocation.proceed                            (MethodInvocation.java:60)                         
                               org.junit.jupiter.engine.execution.InvocationInterceptorChain$ValidatingInvocation.proceed                            (InvocationInterceptorChain.java:131)              
                                                              org.junit.jupiter.engine.extension.TimeoutExtension.intercept                          (TimeoutExtension.java:149)                        
                                                              org.junit.jupiter.engine.extension.TimeoutExtension.interceptTestableMethod            (TimeoutExtension.java:140)                        
                                                              org.junit.jupiter.engine.extension.TimeoutExtension.interceptTestMethod                (TimeoutExtension.java:84)                         
                                   org.junit.jupiter.engine.execution.ExecutableInvoker$ReflectiveInterceptorCall.lambda$ofVoidMethod$0              (ExecutableInvoker.java:115)                       
                                                             org.junit.jupiter.engine.execution.ExecutableInvoker.lambda$invoke$0                    (ExecutableInvoker.java:105)                       
                              org.junit.jupiter.engine.execution.InvocationInterceptorChain$InterceptedInvocation.proceed                            (InvocationInterceptorChain.java:106)              
                                                    org.junit.jupiter.engine.execution.InvocationInterceptorChain.proceed                            (InvocationInterceptorChain.java:64)               
                                                    org.junit.jupiter.engine.execution.InvocationInterceptorChain.chainAndInvoke                     (InvocationInterceptorChain.java:45)               
                                                    org.junit.jupiter.engine.execution.InvocationInterceptorChain.invoke                             (InvocationInterceptorChain.java:37)               
                                                             org.junit.jupiter.engine.execution.ExecutableInvoker.invoke                             (ExecutableInvoker.java:104)                       
                                                             org.junit.jupiter.engine.execution.ExecutableInvoker.invoke                             (ExecutableInvoker.java:98)                        
                                                     org.junit.jupiter.engine.descriptor.TestMethodTestDescriptor.lambda$invokeTestMethod$6          (TestMethodTestDescriptor.java:205)                
                                                org.junit.platform.engine.support.hierarchical.ThrowableCollector.execute                            (ThrowableCollector.java:73)                       
                                                     org.junit.jupiter.engine.descriptor.TestMethodTestDescriptor.invokeTestMethod                   (TestMethodTestDescriptor.java:201)                
                                                     org.junit.jupiter.engine.descriptor.TestMethodTestDescriptor.execute                            (TestMethodTestDescriptor.java:137)                
                                                     org.junit.jupiter.engine.descriptor.TestMethodTestDescriptor.execute                            (TestMethodTestDescriptor.java:71)                 
                                                      org.junit.platform.engine.support.hierarchical.NodeTestTask.lambda$executeRecursively$5        (NodeTestTask.java:135)                            
                                                org.junit.platform.engine.support.hierarchical.ThrowableCollector.execute                            (ThrowableCollector.java:73)                       
                                                      org.junit.platform.engine.support.hierarchical.NodeTestTask.lambda$executeRecursively$7        (NodeTestTask.java:125)                            
                                                              org.junit.platform.engine.support.hierarchical.Node.around                             (Node.java:135)                                    
                                                      org.junit.platform.engine.support.hierarchical.NodeTestTask.lambda$executeRecursively$8        (NodeTestTask.java:123)                            
                                                org.junit.platform.engine.support.hierarchical.ThrowableCollector.execute                            (ThrowableCollector.java:73)                       
                                                      org.junit.platform.engine.support.hierarchical.NodeTestTask.executeRecursively                 (NodeTestTask.java:122)                            
                                                      org.junit.platform.engine.support.hierarchical.NodeTestTask.execute                            (NodeTestTask.java:80)                             
                                                                                              java.util.ArrayList.forEach                            (ArrayList.java:1540)                              
                         org.junit.platform.engine.support.hierarchical.SameThreadHierarchicalTestExecutorService.invokeAll                          (SameThreadHierarchicalTestExecutorService.java:38)
                                                      org.junit.platform.engine.support.hierarchical.NodeTestTask.lambda$executeRecursively$5        (NodeTestTask.java:139)                            
                                                org.junit.platform.engine.support.hierarchical.ThrowableCollector.execute                            (ThrowableCollector.java:73)                       
                                                      org.junit.platform.engine.support.hierarchical.NodeTestTask.lambda$executeRecursively$7        (NodeTestTask.java:125)                            
                                                              org.junit.platform.engine.support.hierarchical.Node.around                             (Node.java:135)                                    
                                                      org.junit.platform.engine.support.hierarchical.NodeTestTask.lambda$executeRecursively$8        (NodeTestTask.java:123)                            
                                                org.junit.platform.engine.support.hierarchical.ThrowableCollector.execute                            (ThrowableCollector.java:73)                       
                                                      org.junit.platform.engine.support.hierarchical.NodeTestTask.executeRecursively                 (NodeTestTask.java:122)                            
                                                      org.junit.platform.engine.support.hierarchical.NodeTestTask.execute                            (NodeTestTask.java:80)                             
                                                                                              java.util.ArrayList.forEach                            (ArrayList.java:1540)                              
                         org.junit.platform.engine.support.hierarchical.SameThreadHierarchicalTestExecutorService.invokeAll                          (SameThreadHierarchicalTestExecutorService.java:38)
                                                      org.junit.platform.engine.support.hierarchical.NodeTestTask.lambda$executeRecursively$5        (NodeTestTask.java:139)                            
                                                org.junit.platform.engine.support.hierarchical.ThrowableCollector.execute                            (ThrowableCollector.java:73)                       
                                                      org.junit.platform.engine.support.hierarchical.NodeTestTask.lambda$executeRecursively$7        (NodeTestTask.java:125)                            
                                                              org.junit.platform.engine.support.hierarchical.Node.around                             (Node.java:135)                                    
                                                      org.junit.platform.engine.support.hierarchical.NodeTestTask.lambda$executeRecursively$8        (NodeTestTask.java:123)                            
                                                org.junit.platform.engine.support.hierarchical.ThrowableCollector.execute                            (ThrowableCollector.java:73)                       
                                                      org.junit.platform.engine.support.hierarchical.NodeTestTask.executeRecursively                 (NodeTestTask.java:122)                            
                                                      org.junit.platform.engine.support.hierarchical.NodeTestTask.execute                            (NodeTestTask.java:80)                             
                         org.junit.platform.engine.support.hierarchical.SameThreadHierarchicalTestExecutorService.submit                             (SameThreadHierarchicalTestExecutorService.java:32)
                                          org.junit.platform.engine.support.hierarchical.HierarchicalTestExecutor.execute                            (HierarchicalTestExecutor.java:57)                 
                                            org.junit.platform.engine.support.hierarchical.HierarchicalTestEngine.execute                            (HierarchicalTestEngine.java:51)                   
                                                     org.junit.platform.launcher.core.EngineExecutionOrchestrator.execute                            (EngineExecutionOrchestrator.java:108)             
                                                     org.junit.platform.launcher.core.EngineExecutionOrchestrator.execute                            (EngineExecutionOrchestrator.java:88)              
                                                     org.junit.platform.launcher.core.EngineExecutionOrchestrator.lambda$execute$0                   (EngineExecutionOrchestrator.java:54)              
                                                     org.junit.platform.launcher.core.EngineExecutionOrchestrator.withInterceptedStreams             (EngineExecutionOrchestrator.java:67)              
                                                     org.junit.platform.launcher.core.EngineExecutionOrchestrator.execute                            (EngineExecutionOrchestrator.java:52)              
                                                                 org.junit.platform.launcher.core.DefaultLauncher.execute                            (DefaultLauncher.java:96)                          
                                                                 org.junit.platform.launcher.core.DefaultLauncher.execute                            (DefaultLauncher.java:75)                          
org.gradle.api.internal.tasks.testing.junitplatform.JUnitPlatformTestClassProcessor$CollectAllTestClassesExecutor.processAllTestClasses              (JUnitPlatformTestClassProcessor.java:99)          
org.gradle.api.internal.tasks.testing.junitplatform.JUnitPlatformTestClassProcessor$CollectAllTestClassesExecutor.access$000                         (JUnitPlatformTestClassProcessor.java:79)          
                              org.gradle.api.internal.tasks.testing.junitplatform.JUnitPlatformTestClassProcessor.stop                               (JUnitPlatformTestClassProcessor.java:75)          
                                                    org.gradle.api.internal.tasks.testing.SuiteTestClassProcessor.stop                               (SuiteTestClassProcessor.java:61)                  
                                                                    jdk.internal.reflect.NativeMethodAccessorImpl.invoke0                            (NativeMethodAccessorImpl.java:-2)N                
                                                                    jdk.internal.reflect.NativeMethodAccessorImpl.invoke                             (NativeMethodAccessorImpl.java:62)                 
                                                                jdk.internal.reflect.DelegatingMethodAccessorImpl.invoke                             (DelegatingMethodAccessorImpl.java:43)             
                                                                                         java.lang.reflect.Method.invoke                             (Method.java:566)                                  
                                                                  org.gradle.internal.dispatch.ReflectionDispatch.dispatch                           (ReflectionDispatch.java:36)                       
                                                                  org.gradle.internal.dispatch.ReflectionDispatch.dispatch                           (ReflectionDispatch.java:24)                       
                                                          org.gradle.internal.dispatch.ContextClassLoaderDispatch.dispatch                           (ContextClassLoaderDispatch.java:33)               
                                   org.gradle.internal.dispatch.ProxyDispatchAdapter$DispatchingInvocationHandler.invoke                             (ProxyDispatchAdapter.java:94)                     
                                                                                            com.sun.proxy.$Proxy2.stop                               (-:-1)                                             
                                                          org.gradle.api.internal.tasks.testing.worker.TestWorker.stop                               (TestWorker.java:135)                              
                                                                    jdk.internal.reflect.NativeMethodAccessorImpl.invoke0                            (NativeMethodAccessorImpl.java:-2)N                
                                                                    jdk.internal.reflect.NativeMethodAccessorImpl.invoke                             (NativeMethodAccessorImpl.java:62)                 
                                                                jdk.internal.reflect.DelegatingMethodAccessorImpl.invoke                             (DelegatingMethodAccessorImpl.java:43)             
                                                                                         java.lang.reflect.Method.invoke                             (Method.java:566)                                  
                                                                  org.gradle.internal.dispatch.ReflectionDispatch.dispatch                           (ReflectionDispatch.java:36)                       
                                                                  org.gradle.internal.dispatch.ReflectionDispatch.dispatch                           (ReflectionDispatch.java:24)                       
                         org.gradle.internal.remote.internal.hub.MessageHubBackedObjectConnection$DispatchWrapper.dispatch                           (MessageHubBackedObjectConnection.java:182)        
                         org.gradle.internal.remote.internal.hub.MessageHubBackedObjectConnection$DispatchWrapper.dispatch                           (MessageHubBackedObjectConnection.java:164)        
                                                       org.gradle.internal.remote.internal.hub.MessageHub$Handler.run                                (MessageHub.java:414)                              
                                             org.gradle.internal.concurrent.ExecutorPolicy$CatchAndRecordFailures.onExecute                          (ExecutorPolicy.java:64)                           
                                                             org.gradle.internal.concurrent.ManagedExecutorImpl$1.run                                (ManagedExecutorImpl.java:48)                      
                                                                          java.util.concurrent.ThreadPoolExecutor.runWorker                          (ThreadPoolExecutor.java:1128)                     
                                                                   java.util.concurrent.ThreadPoolExecutor$Worker.run                                (ThreadPoolExecutor.java:628)                      
                                           org.gradle.internal.concurrent.ThreadFactoryImpl$ManagedThreadRunnable.run                                (ThreadFactoryImpl.java:56)                        
                                                                                                 java.lang.Thread.run                                (Thread.java:834)                                  
	at io.mockk.impl.recording.states.VerifyingState.failIfNotPassed(VerifyingState.kt:66)
	at io.mockk.impl.recording.states.VerifyingState.recordingDone(VerifyingState.kt:42)
	at io.mockk.impl.recording.CommonCallRecorder.done(CommonCallRecorder.kt:47)
	at io.mockk.impl.eval.RecordedBlockEvaluator.record(RecordedBlockEvaluator.kt:64)
	at io.mockk.impl.eval.VerifyBlockEvaluator.verify(VerifyBlockEvaluator.kt:30)
	at io.mockk.MockKDsl.internalVerify(API.kt:118)
	at io.mockk.MockKKt.verify(MockK.kt:149)
	at io.mockk.MockKKt.verify$default(MockK.kt:146)
	at Example9SpyingWithoutStubbingTest.testAddTwoToIntInAWastefulWayAgain(Example9SpyingWithoutStubbingTest.kt:34)
	at java.base/jdk.internal.reflect.NativeMethodAccessorImpl.invoke0(Native Method)
	at java.base/jdk.internal.reflect.NativeMethodAccessorImpl.invoke(NativeMethodAccessorImpl.java:62)
	at java.base/jdk.internal.reflect.DelegatingMethodAccessorImpl.invoke(DelegatingMethodAccessorImpl.java:43)
	at java.base/java.lang.reflect.Method.invoke(Method.java:566)
	at org.junit.platform.commons.util.ReflectionUtils.invokeMethod(ReflectionUtils.java:686)
	at org.junit.jupiter.engine.execution.MethodInvocation.proceed(MethodInvocation.java:60)
	at org.junit.jupiter.engine.execution.InvocationInterceptorChain$ValidatingInvocation.proceed(InvocationInterceptorChain.java:131)
	at org.junit.jupiter.engine.extension.TimeoutExtension.intercept(TimeoutExtension.java:149)
	at org.junit.jupiter.engine.extension.TimeoutExtension.interceptTestableMethod(TimeoutExtension.java:140)
	at org.junit.jupiter.engine.extension.TimeoutExtension.interceptTestMethod(TimeoutExtension.java:84)
	at org.junit.jupiter.engine.execution.ExecutableInvoker$ReflectiveInterceptorCall.lambda$ofVoidMethod$0(ExecutableInvoker.java:115)
	at org.junit.jupiter.engine.execution.ExecutableInvoker.lambda$invoke$0(ExecutableInvoker.java:105)
	at org.junit.jupiter.engine.execution.InvocationInterceptorChain$InterceptedInvocation.proceed(InvocationInterceptorChain.java:106)
	at org.junit.jupiter.engine.execution.InvocationInterceptorChain.proceed(InvocationInterceptorChain.java:64)
	at org.junit.jupiter.engine.execution.InvocationInterceptorChain.chainAndInvoke(InvocationInterceptorChain.java:45)
	at org.junit.jupiter.engine.execution.InvocationInterceptorChain.invoke(InvocationInterceptorChain.java:37)
	at org.junit.jupiter.engine.execution.ExecutableInvoker.invoke(ExecutableInvoker.java:104)
	at org.junit.jupiter.engine.execution.ExecutableInvoker.invoke(ExecutableInvoker.java:98)
	at org.junit.jupiter.engine.descriptor.TestMethodTestDescriptor.lambda$invokeTestMethod$6(TestMethodTestDescriptor.java:205)
	at org.junit.platform.engine.support.hierarchical.ThrowableCollector.execute(ThrowableCollector.java:73)
	at org.junit.jupiter.engine.descriptor.TestMethodTestDescriptor.invokeTestMethod(TestMethodTestDescriptor.java:201)
	at org.junit.jupiter.engine.descriptor.TestMethodTestDescriptor.execute(TestMethodTestDescriptor.java:137)
	at org.junit.jupiter.engine.descriptor.TestMethodTestDescriptor.execute(TestMethodTestDescriptor.java:71)
	at org.junit.platform.engine.support.hierarchical.NodeTestTask.lambda$executeRecursively$5(NodeTestTask.java:135)
	at org.junit.platform.engine.support.hierarchical.ThrowableCollector.execute(ThrowableCollector.java:73)
	at org.junit.platform.engine.support.hierarchical.NodeTestTask.lambda$executeRecursively$7(NodeTestTask.java:125)
	at org.junit.platform.engine.support.hierarchical.Node.around(Node.java:135)
	at org.junit.platform.engine.support.hierarchical.NodeTestTask.lambda$executeRecursively$8(NodeTestTask.java:123)
	at org.junit.platform.engine.support.hierarchical.ThrowableCollector.execute(ThrowableCollector.java:73)
	at org.junit.platform.engine.support.hierarchical.NodeTestTask.executeRecursively(NodeTestTask.java:122)
	at org.junit.platform.engine.support.hierarchical.NodeTestTask.execute(NodeTestTask.java:80)
	at java.base/java.util.ArrayList.forEach(ArrayList.java:1540)
	at org.junit.platform.engine.support.hierarchical.SameThreadHierarchicalTestExecutorService.invokeAll(SameThreadHierarchicalTestExecutorService.java:38)
	at org.junit.platform.engine.support.hierarchical.NodeTestTask.lambda$executeRecursively$5(NodeTestTask.java:139)
	at org.junit.platform.engine.support.hierarchical.ThrowableCollector.execute(ThrowableCollector.java:73)
	at org.junit.platform.engine.support.hierarchical.NodeTestTask.lambda$executeRecursively$7(NodeTestTask.java:125)
	at org.junit.platform.engine.support.hierarchical.Node.around(Node.java:135)
	at org.junit.platform.engine.support.hierarchical.NodeTestTask.lambda$executeRecursively$8(NodeTestTask.java:123)
	at org.junit.platform.engine.support.hierarchical.ThrowableCollector.execute(ThrowableCollector.java:73)
	at org.junit.platform.engine.support.hierarchical.NodeTestTask.executeRecursively(NodeTestTask.java:122)
	at org.junit.platform.engine.support.hierarchical.NodeTestTask.execute(NodeTestTask.java:80)
	at java.base/java.util.ArrayList.forEach(ArrayList.java:1540)
	at org.junit.platform.engine.support.hierarchical.SameThreadHierarchicalTestExecutorService.invokeAll(SameThreadHierarchicalTestExecutorService.java:38)
	at org.junit.platform.engine.support.hierarchical.NodeTestTask.lambda$executeRecursively$5(NodeTestTask.java:139)
	at org.junit.platform.engine.support.hierarchical.ThrowableCollector.execute(ThrowableCollector.java:73)
	at org.junit.platform.engine.support.hierarchical.NodeTestTask.lambda$executeRecursively$7(NodeTestTask.java:125)
	at org.junit.platform.engine.support.hierarchical.Node.around(Node.java:135)
	at org.junit.platform.engine.support.hierarchical.NodeTestTask.lambda$executeRecursively$8(NodeTestTask.java:123)
	at org.junit.platform.engine.support.hierarchical.ThrowableCollector.execute(ThrowableCollector.java:73)
	at org.junit.platform.engine.support.hierarchical.NodeTestTask.executeRecursively(NodeTestTask.java:122)
	at org.junit.platform.engine.support.hierarchical.NodeTestTask.execute(NodeTestTask.java:80)
	at org.junit.platform.engine.support.hierarchical.SameThreadHierarchicalTestExecutorService.submit(SameThreadHierarchicalTestExecutorService.java:32)
	at org.junit.platform.engine.support.hierarchical.HierarchicalTestExecutor.execute(HierarchicalTestExecutor.java:57)
	at org.junit.platform.engine.support.hierarchical.HierarchicalTestEngine.execute(HierarchicalTestEngine.java:51)
	at org.junit.platform.launcher.core.EngineExecutionOrchestrator.execute(EngineExecutionOrchestrator.java:108)
	at org.junit.platform.launcher.core.EngineExecutionOrchestrator.execute(EngineExecutionOrchestrator.java:88)
	at org.junit.platform.launcher.core.EngineExecutionOrchestrator.lambda$execute$0(EngineExecutionOrchestrator.java:54)
	at org.junit.platform.launcher.core.EngineExecutionOrchestrator.withInterceptedStreams(EngineExecutionOrchestrator.java:67)
	at org.junit.platform.launcher.core.EngineExecutionOrchestrator.execute(EngineExecutionOrchestrator.java:52)
	at org.junit.platform.launcher.core.DefaultLauncher.execute(DefaultLauncher.java:96)
	at org.junit.platform.launcher.core.DefaultLauncher.execute(DefaultLauncher.java:75)
	at org.gradle.api.internal.tasks.testing.junitplatform.JUnitPlatformTestClassProcessor$CollectAllTestClassesExecutor.processAllTestClasses(JUnitPlatformTestClassProcessor.java:99)
	at org.gradle.api.internal.tasks.testing.junitplatform.JUnitPlatformTestClassProcessor$CollectAllTestClassesExecutor.access$000(JUnitPlatformTestClassProcessor.java:79)
	at org.gradle.api.internal.tasks.testing.junitplatform.JUnitPlatformTestClassProcessor.stop(JUnitPlatformTestClassProcessor.java:75)
	at org.gradle.api.internal.tasks.testing.SuiteTestClassProcessor.stop(SuiteTestClassProcessor.java:61)
	at java.base/jdk.internal.reflect.NativeMethodAccessorImpl.invoke0(Native Method)
	at java.base/jdk.internal.reflect.NativeMethodAccessorImpl.invoke(NativeMethodAccessorImpl.java:62)
	at java.base/jdk.internal.reflect.DelegatingMethodAccessorImpl.invoke(DelegatingMethodAccessorImpl.java:43)
	at java.base/java.lang.reflect.Method.invoke(Method.java:566)
	at org.gradle.internal.dispatch.ReflectionDispatch.dispatch(ReflectionDispatch.java:36)
	at org.gradle.internal.dispatch.ReflectionDispatch.dispatch(ReflectionDispatch.java:24)
	at org.gradle.internal.dispatch.ContextClassLoaderDispatch.dispatch(ContextClassLoaderDispatch.java:33)
	at org.gradle.internal.dispatch.ProxyDispatchAdapter$DispatchingInvocationHandler.invoke(ProxyDispatchAdapter.java:94)
	at com.sun.proxy.$Proxy2.stop(Unknown Source)
	at org.gradle.api.internal.tasks.testing.worker.TestWorker.stop(TestWorker.java:135)
	at java.base/jdk.internal.reflect.NativeMethodAccessorImpl.invoke0(Native Method)
	at java.base/jdk.internal.reflect.NativeMethodAccessorImpl.invoke(NativeMethodAccessorImpl.java:62)
	at java.base/jdk.internal.reflect.DelegatingMethodAccessorImpl.invoke(DelegatingMethodAccessorImpl.java:43)
	at java.base/java.lang.reflect.Method.invoke(Method.java:566)
	at org.gradle.internal.dispatch.ReflectionDispatch.dispatch(ReflectionDispatch.java:36)
	at org.gradle.internal.dispatch.ReflectionDispatch.dispatch(ReflectionDispatch.java:24)
	at org.gradle.internal.remote.internal.hub.MessageHubBackedObjectConnection$DispatchWrapper.dispatch(MessageHubBackedObjectConnection.java:182)
	at org.gradle.internal.remote.internal.hub.MessageHubBackedObjectConnection$DispatchWrapper.dispatch(MessageHubBackedObjectConnection.java:164)
	at org.gradle.internal.remote.internal.hub.MessageHub$Handler.run(MessageHub.java:414)
	at org.gradle.internal.concurrent.ExecutorPolicy$CatchAndRecordFailures.onExecute(ExecutorPolicy.java:64)
	at org.gradle.internal.concurrent.ManagedExecutorImpl$1.run(ManagedExecutorImpl.java:48)
	at java.base/java.util.concurrent.ThreadPoolExecutor.runWorker(ThreadPoolExecutor.java:1128)
	at java.base/java.util.concurrent.ThreadPoolExecutor$Worker.run(ThreadPoolExecutor.java:628)
	at org.gradle.internal.concurrent.ThreadFactoryImpl$ManagedThreadRunnable.run(ThreadFactoryImpl.java:56)
	at java.base/java.lang.Thread.run(Thread.java:834)
</failure>
  </testcase>
  <system-out><![CDATA[]]></system-out>
  <system-err><![CDATA[]]></system-err>
</testsuite>
